FBtr0300689 [1069] 1008 ATTTTTAAATT
FBtr0300689 [1349] 3038 GCATGGCCATC
FBtr0300689 [1057] 11095 TATTAGGAAAT
FBtr0300689 [1493] 11513 ATTTTGTTATT
FBtr0300689 [1494] 11514 TTTTGTTATTG
FBtr0300689 [1295] 12480 TGTTCAGCAAG
FBtr0300689 [1403] 14214 GAAAGCCAAAC
FBtr0300689 [863] 16799 AGCCCATTTTT
FBtr0300689 [1062] 17129 GGAAATTATTT
FBtr0300689 [770] 17264 TTTCGAATTTC
FBtr0300689 [1854] 17969 AGTTTTTCAAT
FBtr0300689 [1855] 17970 GTTTTTCAATA
FBtr0300689 [1856] 17971 TTTTTCAATAA
FBtr0300689 [1857] 17972 TTTTCAATAAA
FBtr0300689 [1468] 19117 CCCAAAAAGCA
FBtr0300689 [247] 19444 ATACCCACCAC
FBtr0300689 [1184] 21824 AGAAGAGATCT
FBtr0300689 [653] 25861 GTTTTGCCAGC
FBtr0300689 [998] 26094 TATATTGATGT
FBtr0300689 [999] 26095 ATATTGATGTC
FBtr0300689 [1755] 30245 AATTCGCAACA
FBtr0300689 [655] 30818 TTTGCCAGCTG
FBtr0300689 [656] 30819 TTGCCAGCTGC
FBtr0300689 [169] 34502 CCACAGAGCTC
FBtr0300689 [170] 34503 CACAGAGCTCA
FBtr0300689 [171] 34504 ACAGAGCTCAG
FBtr0300689 [1119] 37966 TAATGGGAAAT
FBtr0300689 [1061] 38114 AGGAAATTATT
FBtr0300689 [772] 38641 TCGAATTTCAG
FBtr0300689 [825] 42524 AGTAGTGGAAA
FBtr0300689 [1043] 43663 GCTTTAAAATC
FBtr0300689 [959] 49379 AAATTACACAG
FBtr0300689 [1328] 50313 ACTGCAACGGC
FBtr0300689 [1807] 50967 TGCTGGTGCAA
FBtr0300689 [1808] 50968 GCTGGTGCAAT
FBtr0300689 [12] 51007 AGAGATTTCCA
FBtr0300689 [1121] 54538 ATGGGAAATGG
FBtr0300689 [503] 59667 CCCAAAGTAAT
FBtr0300689 [296] 59894 GAGTTGCCAAC
FBtr0300689 [745] 60303 AGATTAGCTGA
FBtr0300689 [1068] 62218 TATTTTTAAAT
FBtr0300689 [1717] 62534 GTTATTTTTAC
FBtr0300689 [1351] 64793 ATGGCCATCAT
FBtr0300689 [1065] 66706 AATTATTTTTA
FBtr0300689 [1066] 66707 ATTATTTTTAA
FBtr0300689 [699] 69511 TAAAGCAAGAG
FBtr0300689 [700] 69512 AAAGCAAGAGC
FBtr0300689 [958] 71048 GAAATTACACA
FBtr0300689 [959] 71049 AAATTACACAG
FBtr0300689 [693] 75442 GCAATTTAAAG
FBtr0300689 [1120] 75521 AATGGGAAATG
FBtr0300689 [1046] 80982 TTAAAATCTTA
FBtr0300689 [1849] 84112 AATCTAGTTTT
FBtr0300689 [1850] 84113 ATCTAGTTTTT
FBtr0300689 [828] 84596 AGTGGAAAACA
FBtr0300689 [829] 84597 GTGGAAAACAT
FBtr0300689 [1780] 85955 TAATTGAATTG
FBtr0300689 [1774] 87774 GCTATTTAATT
FBtr0300689 [1239] 89681 CCGCCTCCTGC
FBtr0300689 [1290] 90049 GGACTTGTTCA
FBtr0300689 [1802] 90972 AGATGTGCTGG
FBtr0300689 [1273] 92524 CGCTGGACTCG
FBtr0300689 [504] 95716 CCAAAGTAATT
FBtr0300689 [1609] 95959 CAGTCGGAAAT
FBtr0300690 [991] 1008 ATTTTTAAATT
FBtr0300690 [1271] 3038 GCATGGCCATC
FBtr0300690 [1415] 11513 ATTTTGTTATT
FBtr0300690 [1416] 11514 TTTTGTTATTG
FBtr0300690 [1217] 12480 TGTTCAGCAAG
FBtr0300690 [1325] 14214 GAAAGCCAAAC
FBtr0300690 [863] 16799 AGCCCATTTTT
FBtr0300690 [984] 17129 GGAAATTATTT
FBtr0300690 [770] 17264 TTTCGAATTTC
FBtr0300690 [1776] 17969 AGTTTTTCAAT
FBtr0300690 [1777] 17970 GTTTTTCAATA
FBtr0300690 [1778] 17971 TTTTTCAATAA
FBtr0300690 [1779] 17972 TTTTCAATAAA
FBtr0300690 [1390] 19117 CCCAAAAAGCA
FBtr0300690 [247] 19444 ATACCCACCAC
FBtr0300690 [1106] 21824 AGAAGAGATCT
FBtr0300690 [653] 25861 GTTTTGCCAGC
FBtr0300690 [1677] 30245 AATTCGCAACA
FBtr0300690 [655] 30818 TTTGCCAGCTG
FBtr0300690 [656] 30819 TTGCCAGCTGC
FBtr0300690 [169] 34502 CCACAGAGCTC
FBtr0300690 [170] 34503 CACAGAGCTCA
FBtr0300690 [171] 34504 ACAGAGCTCAG
FBtr0300690 [1041] 37966 TAATGGGAAAT
FBtr0300690 [772] 38641 TCGAATTTCAG
FBtr0300690 [825] 42524 AGTAGTGGAAA
FBtr0300690 [959] 49379 AAATTACACAG
FBtr0300690 [1250] 50313 ACTGCAACGGC
FBtr0300690 [1729] 50967 TGCTGGTGCAA
FBtr0300690 [1730] 50968 GCTGGTGCAAT
FBtr0300690 [12] 51007 AGAGATTTCCA
FBtr0300690 [1043] 54538 ATGGGAAATGG
FBtr0300690 [503] 59667 CCCAAAGTAAT
FBtr0300690 [296] 59894 GAGTTGCCAAC
FBtr0300690 [745] 60303 AGATTAGCTGA
FBtr0300690 [990] 62218 TATTTTTAAAT
FBtr0300690 [1639] 62534 GTTATTTTTAC
FBtr0300690 [1273] 64793 ATGGCCATCAT
FBtr0300690 [987] 66706 AATTATTTTTA
FBtr0300690 [988] 66707 ATTATTTTTAA
FBtr0300690 [699] 69511 TAAAGCAAGAG
FBtr0300690 [700] 69512 AAAGCAAGAGC
FBtr0300690 [958] 71048 GAAATTACACA
FBtr0300690 [959] 71049 AAATTACACAG
FBtr0300690 [693] 75442 GCAATTTAAAG
FBtr0300690 [1042] 75521 AATGGGAAATG
FBtr0300690 [1771] 84112 AATCTAGTTTT
FBtr0300690 [1772] 84113 ATCTAGTTTTT
FBtr0300690 [828] 84596 AGTGGAAAACA
FBtr0300690 [829] 84597 GTGGAAAACAT
FBtr0300690 [1702] 85955 TAATTGAATTG
FBtr0300690 [1696] 87774 GCTATTTAATT
FBtr0300690 [1161] 89681 CCGCCTCCTGC
FBtr0300690 [1212] 90049 GGACTTGTTCA
FBtr0300690 [1724] 90972 AGATGTGCTGG
FBtr0300690 [1195] 92524 CGCTGGACTCG
FBtr0300690 [504] 95716 CCAAAGTAATT
FBtr0300690 [1531] 95959 CAGTCGGAAAT
FBtr0330654 [1033] 1008 ATTTTTAAATT
FBtr0330654 [1313] 3038 GCATGGCCATC
FBtr0330654 [1021] 11095 TATTAGGAAAT
FBtr0330654 [1457] 11513 ATTTTGTTATT
FBtr0330654 [1458] 11514 TTTTGTTATTG
FBtr0330654 [1259] 12480 TGTTCAGCAAG
FBtr0330654 [1367] 14214 GAAAGCCAAAC
FBtr0330654 [827] 16799 AGCCCATTTTT
FBtr0330654 [1026] 17129 GGAAATTATTT
FBtr0330654 [734] 17264 TTTCGAATTTC
FBtr0330654 [1818] 17969 AGTTTTTCAAT
FBtr0330654 [1819] 17970 GTTTTTCAATA
FBtr0330654 [1820] 17971 TTTTTCAATAA
FBtr0330654 [1821] 17972 TTTTCAATAAA
FBtr0330654 [1432] 19117 CCCAAAAAGCA
FBtr0330654 [247] 19444 ATACCCACCAC
FBtr0330654 [1148] 21824 AGAAGAGATCT
FBtr0330654 [617] 25861 GTTTTGCCAGC
FBtr0330654 [962] 26094 TATATTGATGT
FBtr0330654 [963] 26095 ATATTGATGTC
FBtr0330654 [1719] 30245 AATTCGCAACA
FBtr0330654 [619] 30818 TTTGCCAGCTG
FBtr0330654 [620] 30819 TTGCCAGCTGC
FBtr0330654 [169] 34502 CCACAGAGCTC
FBtr0330654 [170] 34503 CACAGAGCTCA
FBtr0330654 [171] 34504 ACAGAGCTCAG
FBtr0330654 [1083] 37966 TAATGGGAAAT
FBtr0330654 [1025] 38114 AGGAAATTATT
FBtr0330654 [736] 38641 TCGAATTTCAG
FBtr0330654 [789] 42524 AGTAGTGGAAA
FBtr0330654 [1007] 43663 GCTTTAAAATC
FBtr0330654 [923] 49379 AAATTACACAG
FBtr0330654 [1292] 50313 ACTGCAACGGC
FBtr0330654 [1771] 50967 TGCTGGTGCAA
FBtr0330654 [1772] 50968 GCTGGTGCAAT
FBtr0330654 [12] 51007 AGAGATTTCCA
FBtr0330654 [1085] 54538 ATGGGAAATGG
FBtr0330654 [503] 59667 CCCAAAGTAAT
FBtr0330654 [296] 59894 GAGTTGCCAAC
FBtr0330654 [709] 60303 AGATTAGCTGA
FBtr0330654 [1032] 62218 TATTTTTAAAT
FBtr0330654 [1681] 62534 GTTATTTTTAC
FBtr0330654 [1315] 64793 ATGGCCATCAT
FBtr0330654 [1029] 66706 AATTATTTTTA
FBtr0330654 [1030] 66707 ATTATTTTTAA
FBtr0330654 [663] 69511 TAAAGCAAGAG
FBtr0330654 [664] 69512 AAAGCAAGAGC
FBtr0330654 [922] 71048 GAAATTACACA
FBtr0330654 [923] 71049 AAATTACACAG
FBtr0330654 [657] 75442 GCAATTTAAAG
FBtr0330654 [1084] 75521 AATGGGAAATG
FBtr0330654 [1010] 80982 TTAAAATCTTA
FBtr0330654 [1813] 84112 AATCTAGTTTT
FBtr0330654 [1814] 84113 ATCTAGTTTTT
FBtr0330654 [792] 84596 AGTGGAAAACA
FBtr0330654 [793] 84597 GTGGAAAACAT
FBtr0330654 [1744] 85955 TAATTGAATTG
FBtr0330654 [1738] 87774 GCTATTTAATT
FBtr0330654 [1203] 89681 CCGCCTCCTGC
FBtr0330654 [1254] 90049 GGACTTGTTCA
FBtr0330654 [1766] 90972 AGATGTGCTGG
FBtr0330654 [1237] 92524 CGCTGGACTCG
FBtr0330654 [504] 95716 CCAAAGTAATT
FBtr0330654 [1573] 95959 CAGTCGGAAAT
FBtr0078170 [4072] 1034 AATATAAAATA
FBtr0078170 [1402] 1071 AGATGTCGCTG
FBtr0078170 [1403] 1072 GATGTCGCTGA
FBtr0078170 [3847] 1559 AGCGCCTGAAG
FBtr0078170 [3983] 1637 AAAATCGAACG
FBtr0078170 [373] 3926 AGCATAACCAA
FBtr0078170 [1100] 3940 GAAGGATCTGA
FBtr0078170 [3221] 4213 GGAGAAGCACT
FBtr0078170 [821] 4821 GGAACAGAAGG
FBtr0078170 [4133] 4941 TATTTATGATT
FBtr0078170 [4134] 4942 ATTTATGATTT
FBtr0078170 [126] 5844 TCTGTGTGTTC
FBtr0078170 [2141] 6610 CGTGGTGTAAA
FBtr0078170 [2142] 6611 GTGGTGTAAAT
FBtr0078170 [3810] 6740 AAACGAACGGA
FBtr0078170 [3721] 7078 AGAGGACTTGG
FBtr0078170 [1388] 8426 TTTGAAAATAA
FBtr0078170 [4511] 9091 ATTTTTTAAAT
FBtr0078170 [4512] 9092 TTTTTTAAATT
FBtr0078170 [4487] 9135 TTATAAAAAAA
FBtr0078170 [4488] 9136 TATAAAAAAAT
FBtr0078170 [4489] 9137 ATAAAAAAATT
FBtr0078170 [4022] 9148 TTAAATTAAAT
FBtr0078170 [5193] 9196 TATATAATTGA
FBtr0078170 [3601] 9317 TTTGTGTTCTA
FBtr0078170 [4880] 9816 CAATTAAAAAA
FBtr0078170 [1008] 11041 TTTGTGTTTTG
FBtr0078170 [4320] 11822 GTATAAACACA
FBtr0078170 [4321] 11823 TATAAACACAA
FBtr0078170 [4322] 11824 ATAAACACAAA
FBtr0078170 [4860, 5071] 11899 TTTTGCATTCT
FBtr0078170 [5072] 11900 TTTGCATTCTC
FBtr0078170 [3474] 12479 GTGTTCAGCAA
FBtr0078170 [3475] 12480 TGTTCAGCAAG
FBtr0078170 [4083] 13505 TTCATTTTTTA
FBtr0078170 [4084] 13506 TCATTTTTTAT
FBtr0078170 [4085] 13507 CATTTTTTATT
FBtr0078170 [4086] 13508 ATTTTTTATTT
FBtr0078170 [3410] 14473 ATTAAAAATCC
FBtr0078170 [60] 15425 GCTAATAATAT
FBtr0078170 [61] 15426 CTAATAATATT
FBtr0078170 [2962] 15643 GGAAACACTGC
FBtr0078170 [2963] 15644 GAAACACTGCA
FBtr0078170 [2964] 15645 AAACACTGCAG
FBtr0078170 [3699] 15805 CAAATATTAAT
FBtr0078170 [5120] 16563 TATATACAATA
FBtr0078170 [1265] 17088 GTTTTTTCCGG
FBtr0078170 [4129] 17099 TAATTATTTAT
FBtr0078170 [4130] 17100 AATTATTTATG
FBtr0078170 [4729] 17914 TCAAATTAATT
FBtr0078170 [2691] 18042 TTTCTGCGCAG
FBtr0078170 [2692] 18043 TTCTGCGCAGC
FBtr0078170 [2693] 18044 TCTGCGCAGCT
FBtr0078170 [1154] 19109 ATAGATAACCC
FBtr0078170 [1155] 19110 TAGATAACCCA
FBtr0078170 [689] 19240 GCAGCGAATCA
FBtr0078170 [1488] 19674 CGCCATATCTT
FBtr0078170 [1489] 19675 GCCATATCTTC
FBtr0078170 [1617] 19724 GCTGGCCTATC
FBtr0078170 [158] 20089 TTTATTCTCAT
FBtr0078170 [5235] 20698 TATTTTATTTA
FBtr0078170 [5236] 20699 ATTTTATTTAA
FBtr0078170 [257] 20939 TTCAAAAAATT
FBtr0078170 [2006] 20963 TTACCCGAAAA
FBtr0078170 [580] 21133 CGGAGTTGAAT
FBtr0078170 [581] 21134 GGAGTTGAATT
FBtr0078170 [582] 21135 GAGTTGAATTG
FBtr0078170 [2265] 21215 TCAAAAACTTT
FBtr0078170 [255] 21634 AGTTCAAAAAA
FBtr0078170 [553] 21868 AGGGGCTTTAA
FBtr0078170 [3813] 23220 CGAACGGAGAC
FBtr0078170 [26] 23396 TGTGTGTGTTA
FBtr0078170 [4980] 23606 ATTTAATTTTA
FBtr0078170 [3992] 23867 CGGGGACAGCA
FBtr0078170 [4263] 25396 TGTAAAATATT
FBtr0078170 [4027] 25406 TTAAATTAAAC
FBtr0078170 [4393] 25685 GATAAATAATT
FBtr0078170 [4527] 26349 TTATTTTCGGT
FBtr0078170 [672] 26390 GCATACTTTCG
FBtr0078170 [717] 27063 CAGTTGGAGCA
FBtr0078170 [717] 27072 CAGTTGGAGCA
FBtr0078170 [717] 27081 CAGTTGGAGCA
FBtr0078170 [3727] 27249 CTTGGAATCGA
FBtr0078170 [3728] 27250 TTGGAATCGAA
FBtr0078170 [3481] 27508 GCAAGTTAATG
FBtr0078170 [3152] 27746 CAGCTGAATGC
FBtr0078170 [3153] 27747 AGCTGAATGCC
FBtr0078170 [1214] 28239 AAAAGCATAAA
FBtr0078170 [1215] 28240 AAAGCATAAAT
FBtr0078170 [1216] 28241 AAGCATAAATC
FBtr0078170 [1217] 28242 AGCATAAATCG
FBtr0078170 [238] 30028 TGGTGAGCAAA
FBtr0078170 [339] 30642 ACATATTTATT
FBtr0078170 [16] 31053 ATCGCGACTTT
FBtr0078170 [17] 31054 TCGCGACTTTG
FBtr0078170 [5014] 32831 ATTGTAAAGTA
FBtr0078170 [24] 33499 TTTGTGTGTGT
FBtr0078170 [4022] 33577 TTAAATTAAAT
FBtr0078170 [4023] 33578 TAAATTAAATT
FBtr0078170 [4019, 4024] 33579 AAATTAAATTA
FBtr0078170 [3444] 35562 GGCCTGCAGAG
FBtr0078170 [4009] 36013 GAACGCAAAAA
FBtr0078170 [4010] 36014 AACGCAAAAAA
FBtr0078170 [5224] 36360 AATAAAACATG
FBtr0078170 [2574] 37587 CAGCAACAAAT
FBtr0078170 [2575] 37588 AGCAACAAATG
FBtr0078170 [3449] 37881 GCAGAGGAAAA
FBtr0078170 [400] 37882 CAGAGGAAAAG
FBtr0078170 [1819] 40404 CGCAGCTGCAG
FBtr0078170 [1820] 40405 GCAGCTGCAGA
FBtr0078170 [950] 41194 TCAATCCGCCA
FBtr0078170 [951] 41195 CAATCCGCCAA
FBtr0078170 [412] 42964 GCAGCAGCCCA
FBtr0078170 [1956] 43296 TTATTGTTGGT
FBtr0078170 [4563] 43933 CCCTTACAAAA
FBtr0078170 [1577] 44265 AGAGCTGGAGA
FBtr0078170 [2542] 44288 TAATGTCAACA
FBtr0078170 [3160] 44707 TGCCGCAGCAG
FBtr0078170 [4408] 45582 TTATATAGGAA
FBtr0078170 [4332] 46139 ATACCGATAAA
FBtr0078170 [1578] 46506 GAGCTGGAGAT
FBtr0078170 [1579] 46507 AGCTGGAGATG
FBtr0078170 [2910] 47332 GTGCTCGGATT
FBtr0078170 [2521] 47947 ATTTGCCAAAA
FBtr0078170 [3409] 49338 AATTAAAAATC
FBtr0078170 [2068] 49441 TGTGTGGAAGG
FBtr0078170 [2578] 50155 AACAAATGCCA
FBtr0078170 [1383] 50264 TGACCTTTGAA
FBtr0078170 [4018] 50632 AAAATTAAATT
FBtr0078170 [314] 51056 GAATAAATACG
FBtr0078170 [4022] 51647 TTAAATTAAAT
FBtr0078170 [3274] 51663 CACGTCCAGAG
FBtr0078170 [605] 52058 ACTTTGTTAAA
FBtr0078170 [606] 52059 CTTTGTTAAAC
FBtr0078170 [607] 52060 TTTGTTAAACA
FBtr0078170 [4276] 53501 AACGCAACCTG
FBtr0078170 [3126] 54319 TTTTATCAGTA
FBtr0078170 [3127] 54320 TTTATCAGTAC
FBtr0078170 [4675] 54409 AATTTGTTGTA
FBtr0078170 [1178] 54760 AATGTTAATTA
FBtr0078170 [4485] 54986 GATTATAAAAA
FBtr0078170 [24] 55354 TTTGTGTGTGT
FBtr0078170 [2694] 55989 CTGCGCAGCTT
FBtr0078170 [4517] 56349 TAAATTTCTTT
FBtr0078170 [4518] 56350 AAATTTCTTTT
FBtr0078170 [1171] 57161 GCCGTCGAATG
FBtr0078170 [1172] 57162 CCGTCGAATGT
FBtr0078170 [698] 57694 CAATTAATTCT
FBtr0078170 [3575] 57818 GACCATTTAAA
FBtr0078170 [3576] 57819 ACCATTTAAAT
FBtr0078170 [4878] 58046 TGCAATTAAAA
FBtr0078170 [2717] 58048 CAATTAAAACA
FBtr0078170 [4398] 58291 ATAATTCAAAT
FBtr0078170 [3154] 60426 GCTGAATGCCG
FBtr0078170 [5197] 60555 TAATTGAGTAT
FBtr0078170 [1576] 61019 AAGAGCTGGAG
FBtr0078170 [3023] 61818 GGAGAGGCGGA
FBtr0078170 [1214] 62184 AAAAGCATAAA
FBtr0078170 [2326] 62882 AGGAGAGCAGC
FBtr0078170 [3710] 63672 ATTTCTAATTT
FBtr0078170 [3711] 63673 TTTCTAATTTA
FBtr0078170 [4357] 64057 TTTAATAAATT
FBtr0078170 [4358] 64058 TTAATAAATTG
FBtr0078170 [4359] 64059 TAATAAATTGT
FBtr0078170 [4856] 64368 TAATTTTTGCA
FBtr0078170 [4857] 64369 AATTTTTGCAT
FBtr0078170 [4858] 64370 ATTTTTGCATT
FBtr0078170 [4979] 64433 AATTTAATTTT
FBtr0078170 [2885] 64806 AAATATAAGCT
FBtr0078170 [4760] 65071 AAATTGCAAAC
FBtr0078170 [1179] 65159 ATGTTAATTAT
FBtr0078170 [3820] 65796 AGACAACAAAA
FBtr0078170 [3785, 3960] 65881 ATAATTACAAA
FBtr0078170 [450] 66890 ACCTTTTTGCT
FBtr0078170 [4857] 66925 AATTTTTGCAT
FBtr0078170 [4858] 66926 ATTTTTGCATT
FBtr0078170 [4051] 67119 AAACAGAAATG
FBtr0078170 [4052] 67120 AACAGAAATGA
FBtr0078170 [214] 67157 GAATACATACA
FBtr0078170 [83] 67759 ATAAAACAGAT
FBtr0078170 [3196] 67908 TTCGTCACTTT
FBtr0078170 [4731] 68090 AAATTAATTGT
FBtr0078170 [1926] 68904 AAATAGCATTC
FBtr0078170 [1927] 68905 AATAGCATTCT
FBtr0078170 [1928] 68906 ATAGCATTCTG
FBtr0078170 [2116] 69989 CGGAGAAGCAA
FBtr0078170 [2117] 69990 GGAGAAGCAAT
FBtr0078170 [2118] 69991 GAGAAGCAATT
FBtr0078170 [4900] 70754 TTATGAGTTTT
FBtr0078170 [3224] 71573 GAAGCACTGTA
FBtr0078170 [2388] 71697 TTCGCAAGGGT
FBtr0078170 [4392] 73214 GGATAAATAAT
FBtr0078170 [3660] 73446 CCAACAAAGCC
FBtr0078170 [3661] 73447 CAACAAAGCCA
FBtr0078170 [3662] 73448 AACAAAGCCAG
FBtr0078170 [3663] 73449 ACAAAGCCAGT
FBtr0078170 [3157] 73693 GAATGCCGCAG
FBtr0078170 [3158] 73694 AATGCCGCAGC
FBtr0078170 [3159] 73695 ATGCCGCAGCA
FBtr0078170 [687] 73989 CGGCAGCGAAT
FBtr0078170 [3473] 74791 AGTGTTCAGCA
FBtr0078170 [3579] 75338 ATTTAAATATG
FBtr0078170 [3580] 75339 TTTAAATATGA
FBtr0078170 [2141] 75365 CGTGGTGTAAA
FBtr0078170 [2142] 75366 GTGGTGTAAAT
FBtr0078170 [3160] 75846 TGCCGCAGCAG
FBtr0078170 [3779] 76432 AAATCTATAAT
FBtr0078170 [583] 76795 AGTTGAATTGT
FBtr0078170 [584] 76796 GTTGAATTGTA
FBtr0078170 [4535] 76893 GGTTAAAATAT
FBtr0078170 [4536] 76894 GTTAAAATATT
FBtr0078170 [4537] 76895 TTAAAATATTG
FBtr0078170 [2404] 78048 GACCAGGACCA
FBtr0078170 [4239] 78091 TAAAAGTTGAC
FBtr0078170 [4517] 78699 TAAATTTCTTT
FBtr0078170 [4518] 78700 AAATTTCTTTT
FBtr0078170 [4519] 78701 AATTTCTTTTA
FBtr0078170 [4520] 78702 ATTTCTTTTAT
FBtr0078170 [4521] 78703 TTTCTTTTATT
FBtr0078170 [4522] 78704 TTCTTTTATTT
FBtr0078170 [1486] 79104 AGCGCCATATC
FBtr0078170 [1034] 79967 GCATCTGTCCA
FBtr0078170 [4896] 81082 GTTTTTATGAG
FBtr0078170 [4897] 81083 TTTTTATGAGT
FBtr0078170 [2146] 81635 TGTAAATATAT
FBtr0078170 [2650] 82198 GTCGGCAAGTG
FBtr0078170 [2287] 83422 TCATCGCTGCA
FBtr0078170 [2296] 84047 CACTTTAAACC
FBtr0078170 [2297] 84048 ACTTTAAACCC
FBtr0078170 [2298] 84049 CTTTAAACCCA
FBtr0078170 [2299] 84050 TTTAAACCCAA
FBtr0078170 [186] 84311 AGAACAGTGCG
FBtr0078170 [3891] 84682 CTACTAATTAT
FBtr0078170 [3892] 84683 TACTAATTATT
FBtr0078170 [1763] 85204 ATTTATAATTT
FBtr0078170 [4521] 85533 TTTCTTTTATT
FBtr0078170 [4522] 85534 TTCTTTTATTT
FBtr0078170 [4523] 85535 TCTTTTATTTT
FBtr0078170 [4524] 85536 CTTTTATTTTC
FBtr0078170 [2181] 85666 CAGCCAGCATA
FBtr0078170 [2182] 85667 AGCCAGCATAA
FBtr0078170 [585] 85958 TTGAATTGTAC
FBtr0078170 [4954] 87316 CTTCAAGTACT
FBtr0078170 [3758] 90600 AGTACTAGTTC
FBtr0078170 [3759] 90601 GTACTAGTTCT
FBtr0078170 [988] 91686 AGTTGCATACA
FBtr0078170 [989] 91687 GTTGCATACAA
FBtr0078170 [3184] 93768 CATTAATGGAG
FBtr0078170 [3574] 93879 CGACCATTTAA
FBtr0078170 [3575] 93880 GACCATTTAAA
FBtr0078170 [3576] 93881 ACCATTTAAAT
FBtr0078170 [476] 95205 CAGCATGGCTT
FBtr0078170 [477] 95206 AGCATGGCTTT
FBtr0078170 [360] 95781 AACCCACCACA
FBtr0078170 [361] 95782 ACCCACCACAA
FBtr0078170 [860] 96031 ACATTTACCAT
FBtr0078170 [2922] 96800 GCCGCATCCAT
FBtr0078170 [4356] 97331 ATTTAATAAAT
FBtr0078170 [4357] 97332 TTTAATAAATT
FBtr0078170 [201] 98071 TTTCTCAACAT
FBtr0078170 [407] 98799 AAAGGGCAGCA
FBtr0078170 [2748] 99761 TTTCTATTTTT
FBtr0078171 [4215] 1034 AATATAAAATA
FBtr0078171 [1545] 1071 AGATGTCGCTG
FBtr0078171 [1546] 1072 GATGTCGCTGA
FBtr0078171 [3990] 1559 AGCGCCTGAAG
FBtr0078171 [4126] 1637 AAAATCGAACG
FBtr0078171 [516] 3926 AGCATAACCAA
FBtr0078171 [1243] 3940 GAAGGATCTGA
FBtr0078171 [3364] 4213 GGAGAAGCACT
FBtr0078171 [964] 4821 GGAACAGAAGG
FBtr0078171 [4276] 4941 TATTTATGATT
FBtr0078171 [4277] 4942 ATTTATGATTT
FBtr0078171 [126] 5844 TCTGTGTGTTC
FBtr0078171 [2284] 6610 CGTGGTGTAAA
FBtr0078171 [2285] 6611 GTGGTGTAAAT
FBtr0078171 [3953] 6740 AAACGAACGGA
FBtr0078171 [3864] 7078 AGAGGACTTGG
FBtr0078171 [1531] 8426 TTTGAAAATAA
FBtr0078171 [4654] 9091 ATTTTTTAAAT
FBtr0078171 [4655] 9092 TTTTTTAAATT
FBtr0078171 [4630] 9135 TTATAAAAAAA
FBtr0078171 [4631] 9136 TATAAAAAAAT
FBtr0078171 [4632] 9137 ATAAAAAAATT
FBtr0078171 [4165] 9148 TTAAATTAAAT
FBtr0078171 [5336] 9196 TATATAATTGA
FBtr0078171 [3744] 9317 TTTGTGTTCTA
FBtr0078171 [5023] 9816 CAATTAAAAAA
FBtr0078171 [1151] 11041 TTTGTGTTTTG
FBtr0078171 [4463] 11822 GTATAAACACA
FBtr0078171 [4464] 11823 TATAAACACAA
FBtr0078171 [4465] 11824 ATAAACACAAA
FBtr0078171 [5003, 5214] 11899 TTTTGCATTCT
FBtr0078171 [5215] 11900 TTTGCATTCTC
FBtr0078171 [3617] 12479 GTGTTCAGCAA
FBtr0078171 [3618] 12480 TGTTCAGCAAG
FBtr0078171 [4226] 13505 TTCATTTTTTA
FBtr0078171 [4227] 13506 TCATTTTTTAT
FBtr0078171 [4228] 13507 CATTTTTTATT
FBtr0078171 [4229] 13508 ATTTTTTATTT
FBtr0078171 [3553] 14473 ATTAAAAATCC
FBtr0078171 [60] 15425 GCTAATAATAT
FBtr0078171 [61] 15426 CTAATAATATT
FBtr0078171 [3105] 15643 GGAAACACTGC
FBtr0078171 [3106] 15644 GAAACACTGCA
FBtr0078171 [3107] 15645 AAACACTGCAG
FBtr0078171 [3842] 15805 CAAATATTAAT
FBtr0078171 [5263] 16563 TATATACAATA
FBtr0078171 [1408] 17088 GTTTTTTCCGG
FBtr0078171 [4272] 17099 TAATTATTTAT
FBtr0078171 [4273] 17100 AATTATTTATG
FBtr0078171 [4872] 17914 TCAAATTAATT
FBtr0078171 [2834] 18042 TTTCTGCGCAG
FBtr0078171 [2835] 18043 TTCTGCGCAGC
FBtr0078171 [2836] 18044 TCTGCGCAGCT
FBtr0078171 [1297] 19109 ATAGATAACCC
FBtr0078171 [1298] 19110 TAGATAACCCA
FBtr0078171 [832] 19240 GCAGCGAATCA
FBtr0078171 [1631] 19674 CGCCATATCTT
FBtr0078171 [1632] 19675 GCCATATCTTC
FBtr0078171 [1760] 19724 GCTGGCCTATC
FBtr0078171 [158] 20089 TTTATTCTCAT
FBtr0078171 [5378] 20698 TATTTTATTTA
FBtr0078171 [5379] 20699 ATTTTATTTAA
FBtr0078171 [257] 20939 TTCAAAAAATT
FBtr0078171 [2149] 20963 TTACCCGAAAA
FBtr0078171 [723] 21133 CGGAGTTGAAT
FBtr0078171 [724] 21134 GGAGTTGAATT
FBtr0078171 [725] 21135 GAGTTGAATTG
FBtr0078171 [2408] 21215 TCAAAAACTTT
FBtr0078171 [255] 21634 AGTTCAAAAAA
FBtr0078171 [696] 21868 AGGGGCTTTAA
FBtr0078171 [3956] 23220 CGAACGGAGAC
FBtr0078171 [26] 23396 TGTGTGTGTTA
FBtr0078171 [5123] 23606 ATTTAATTTTA
FBtr0078171 [4135] 23867 CGGGGACAGCA
FBtr0078171 [4406] 25396 TGTAAAATATT
FBtr0078171 [4170] 25406 TTAAATTAAAC
FBtr0078171 [4536] 25685 GATAAATAATT
FBtr0078171 [4670] 26349 TTATTTTCGGT
FBtr0078171 [815] 26390 GCATACTTTCG
FBtr0078171 [860] 27063 CAGTTGGAGCA
FBtr0078171 [860] 27072 CAGTTGGAGCA
FBtr0078171 [860] 27081 CAGTTGGAGCA
FBtr0078171 [3870] 27249 CTTGGAATCGA
FBtr0078171 [3871] 27250 TTGGAATCGAA
FBtr0078171 [3624] 27508 GCAAGTTAATG
FBtr0078171 [3295] 27746 CAGCTGAATGC
FBtr0078171 [3296] 27747 AGCTGAATGCC
FBtr0078171 [1357] 28239 AAAAGCATAAA
FBtr0078171 [1358] 28240 AAAGCATAAAT
FBtr0078171 [1359] 28241 AAGCATAAATC
FBtr0078171 [1360] 28242 AGCATAAATCG
FBtr0078171 [238] 30028 TGGTGAGCAAA
FBtr0078171 [482] 30642 ACATATTTATT
FBtr0078171 [16] 31053 ATCGCGACTTT
FBtr0078171 [17] 31054 TCGCGACTTTG
FBtr0078171 [5157] 32831 ATTGTAAAGTA
FBtr0078171 [24, 384] 33499 TTTGTGTGTGT
FBtr0078171 [4165] 33577 TTAAATTAAAT
FBtr0078171 [4166] 33578 TAAATTAAATT
FBtr0078171 [4162, 4167] 33579 AAATTAAATTA
FBtr0078171 [3587] 35562 GGCCTGCAGAG
FBtr0078171 [4152] 36013 GAACGCAAAAA
FBtr0078171 [4153] 36014 AACGCAAAAAA
FBtr0078171 [5367] 36360 AATAAAACATG
FBtr0078171 [2717] 37587 CAGCAACAAAT
FBtr0078171 [2718] 37588 AGCAACAAATG
FBtr0078171 [3592] 37881 GCAGAGGAAAA
FBtr0078171 [543] 37882 CAGAGGAAAAG
FBtr0078171 [1962] 40404 CGCAGCTGCAG
FBtr0078171 [1963] 40405 GCAGCTGCAGA
FBtr0078171 [1093] 41194 TCAATCCGCCA
FBtr0078171 [1094] 41195 CAATCCGCCAA
FBtr0078171 [555] 42964 GCAGCAGCCCA
FBtr0078171 [2099] 43296 TTATTGTTGGT
FBtr0078171 [4706] 43933 CCCTTACAAAA
FBtr0078171 [1720] 44265 AGAGCTGGAGA
FBtr0078171 [2685] 44288 TAATGTCAACA
FBtr0078171 [3303] 44707 TGCCGCAGCAG
FBtr0078171 [4551] 45582 TTATATAGGAA
FBtr0078171 [4475] 46139 ATACCGATAAA
FBtr0078171 [1721] 46506 GAGCTGGAGAT
FBtr0078171 [1722] 46507 AGCTGGAGATG
FBtr0078171 [3053] 47332 GTGCTCGGATT
FBtr0078171 [2664] 47947 ATTTGCCAAAA
FBtr0078171 [3552] 49338 AATTAAAAATC
FBtr0078171 [2211] 49441 TGTGTGGAAGG
FBtr0078171 [2721] 50155 AACAAATGCCA
FBtr0078171 [1526] 50264 TGACCTTTGAA
FBtr0078171 [4161] 50632 AAAATTAAATT
FBtr0078171 [457] 51056 GAATAAATACG
FBtr0078171 [4165] 51647 TTAAATTAAAT
FBtr0078171 [3417] 51663 CACGTCCAGAG
FBtr0078171 [748] 52058 ACTTTGTTAAA
FBtr0078171 [749] 52059 CTTTGTTAAAC
FBtr0078171 [750] 52060 TTTGTTAAACA
FBtr0078171 [4419] 53501 AACGCAACCTG
FBtr0078171 [3269] 54319 TTTTATCAGTA
FBtr0078171 [3270] 54320 TTTATCAGTAC
FBtr0078171 [4818] 54409 AATTTGTTGTA
FBtr0078171 [1321] 54760 AATGTTAATTA
FBtr0078171 [4628] 54986 GATTATAAAAA
FBtr0078171 [24, 384] 55354 TTTGTGTGTGT
FBtr0078171 [2837] 55989 CTGCGCAGCTT
FBtr0078171 [4660] 56349 TAAATTTCTTT
FBtr0078171 [4661] 56350 AAATTTCTTTT
FBtr0078171 [1314] 57161 GCCGTCGAATG
FBtr0078171 [1315] 57162 CCGTCGAATGT
FBtr0078171 [841] 57694 CAATTAATTCT
FBtr0078171 [3718] 57818 GACCATTTAAA
FBtr0078171 [3719] 57819 ACCATTTAAAT
FBtr0078171 [5021] 58046 TGCAATTAAAA
FBtr0078171 [2860] 58048 CAATTAAAACA
FBtr0078171 [4541] 58291 ATAATTCAAAT
FBtr0078171 [3297] 60426 GCTGAATGCCG
FBtr0078171 [5340] 60555 TAATTGAGTAT
FBtr0078171 [314] 60599 GAGGCGTAGTC
FBtr0078171 [1719] 61019 AAGAGCTGGAG
FBtr0078171 [3166] 61818 GGAGAGGCGGA
FBtr0078171 [1357] 62184 AAAAGCATAAA
FBtr0078171 [2469] 62882 AGGAGAGCAGC
FBtr0078171 [382] 63513 AATTTGTGTGT
FBtr0078171 [3853] 63672 ATTTCTAATTT
FBtr0078171 [3854] 63673 TTTCTAATTTA
FBtr0078171 [427] 63781 GCAAAGCTGGT
FBtr0078171 [4500] 64057 TTTAATAAATT
FBtr0078171 [4501] 64058 TTAATAAATTG
FBtr0078171 [4502] 64059 TAATAAATTGT
FBtr0078171 [4999] 64368 TAATTTTTGCA
FBtr0078171 [5000] 64369 AATTTTTGCAT
FBtr0078171 [5001] 64370 ATTTTTGCATT
FBtr0078171 [5122] 64433 AATTTAATTTT
FBtr0078171 [3028] 64806 AAATATAAGCT
FBtr0078171 [4903] 65071 AAATTGCAAAC
FBtr0078171 [1322] 65159 ATGTTAATTAT
FBtr0078171 [3963] 65796 AGACAACAAAA
FBtr0078171 [3928, 4103] 65881 ATAATTACAAA
FBtr0078171 [593] 66890 ACCTTTTTGCT
FBtr0078171 [5000] 66925 AATTTTTGCAT
FBtr0078171 [5001] 66926 ATTTTTGCATT
FBtr0078171 [4194] 67119 AAACAGAAATG
FBtr0078171 [4195] 67120 AACAGAAATGA
FBtr0078171 [214] 67157 GAATACATACA
FBtr0078171 [83] 67759 ATAAAACAGAT
FBtr0078171 [3339] 67908 TTCGTCACTTT
FBtr0078171 [4874] 68090 AAATTAATTGT
FBtr0078171 [2069] 68904 AAATAGCATTC
FBtr0078171 [2070] 68905 AATAGCATTCT
FBtr0078171 [2071] 68906 ATAGCATTCTG
FBtr0078171 [2259] 69989 CGGAGAAGCAA
FBtr0078171 [2260] 69990 GGAGAAGCAAT
FBtr0078171 [2261] 69991 GAGAAGCAATT
FBtr0078171 [5043] 70754 TTATGAGTTTT
FBtr0078171 [3367] 71573 GAAGCACTGTA
FBtr0078171 [2531] 71697 TTCGCAAGGGT
FBtr0078171 [4535] 73214 GGATAAATAAT
FBtr0078171 [3803] 73446 CCAACAAAGCC
FBtr0078171 [3804] 73447 CAACAAAGCCA
FBtr0078171 [3805] 73448 AACAAAGCCAG
FBtr0078171 [3806] 73449 ACAAAGCCAGT
FBtr0078171 [3300] 73693 GAATGCCGCAG
FBtr0078171 [3301] 73694 AATGCCGCAGC
FBtr0078171 [3302] 73695 ATGCCGCAGCA
FBtr0078171 [830] 73989 CGGCAGCGAAT
FBtr0078171 [3616] 74791 AGTGTTCAGCA
FBtr0078171 [3722] 75338 ATTTAAATATG
FBtr0078171 [3723] 75339 TTTAAATATGA
FBtr0078171 [2284] 75365 CGTGGTGTAAA
FBtr0078171 [2285] 75366 GTGGTGTAAAT
FBtr0078171 [3303] 75846 TGCCGCAGCAG
FBtr0078171 [3922] 76432 AAATCTATAAT
FBtr0078171 [726] 76795 AGTTGAATTGT
FBtr0078171 [727] 76796 GTTGAATTGTA
FBtr0078171 [4678] 76893 GGTTAAAATAT
FBtr0078171 [4679] 76894 GTTAAAATATT
FBtr0078171 [4680] 76895 TTAAAATATTG
FBtr0078171 [2547] 78048 GACCAGGACCA
FBtr0078171 [4382] 78091 TAAAAGTTGAC
FBtr0078171 [4660] 78699 TAAATTTCTTT
FBtr0078171 [4661] 78700 AAATTTCTTTT
FBtr0078171 [4662] 78701 AATTTCTTTTA
FBtr0078171 [4663] 78702 ATTTCTTTTAT
FBtr0078171 [4664] 78703 TTTCTTTTATT
FBtr0078171 [4665] 78704 TTCTTTTATTT
FBtr0078171 [1629] 79104 AGCGCCATATC
FBtr0078171 [1177] 79967 GCATCTGTCCA
FBtr0078171 [5039] 81082 GTTTTTATGAG
FBtr0078171 [5040] 81083 TTTTTATGAGT
FBtr0078171 [2289] 81635 TGTAAATATAT
FBtr0078171 [2793] 82198 GTCGGCAAGTG
FBtr0078171 [2430] 83422 TCATCGCTGCA
FBtr0078171 [2439] 84047 CACTTTAAACC
FBtr0078171 [2440] 84048 ACTTTAAACCC
FBtr0078171 [2441] 84049 CTTTAAACCCA
FBtr0078171 [2442] 84050 TTTAAACCCAA
FBtr0078171 [186] 84311 AGAACAGTGCG
FBtr0078171 [4034] 84682 CTACTAATTAT
FBtr0078171 [4035] 84683 TACTAATTATT
FBtr0078171 [1906] 85204 ATTTATAATTT
FBtr0078171 [4664] 85533 TTTCTTTTATT
FBtr0078171 [4665] 85534 TTCTTTTATTT
FBtr0078171 [4666] 85535 TCTTTTATTTT
FBtr0078171 [4667] 85536 CTTTTATTTTC
FBtr0078171 [2324] 85666 CAGCCAGCATA
FBtr0078171 [2325] 85667 AGCCAGCATAA
FBtr0078171 [728] 85958 TTGAATTGTAC
FBtr0078171 [385] 86910 TTGTGTGTGTA
FBtr0078171 [5097] 87316 CTTCAAGTACT
FBtr0078171 [3901] 90600 AGTACTAGTTC
FBtr0078171 [3902] 90601 GTACTAGTTCT
FBtr0078171 [1131] 91686 AGTTGCATACA
FBtr0078171 [1132] 91687 GTTGCATACAA
FBtr0078171 [3327] 93768 CATTAATGGAG
FBtr0078171 [3717] 93879 CGACCATTTAA
FBtr0078171 [3718] 93880 GACCATTTAAA
FBtr0078171 [3719] 93881 ACCATTTAAAT
FBtr0078171 [619] 95205 CAGCATGGCTT
FBtr0078171 [620] 95206 AGCATGGCTTT
FBtr0078171 [503] 95781 AACCCACCACA
FBtr0078171 [504] 95782 ACCCACCACAA
FBtr0078171 [1003] 96031 ACATTTACCAT
FBtr0078171 [3065] 96800 GCCGCATCCAT
FBtr0078171 [4499] 97331 ATTTAATAAAT
FBtr0078171 [4500] 97332 TTTAATAAATT
FBtr0078171 [201] 98071 TTTCTCAACAT
FBtr0078171 [550] 98799 AAAGGGCAGCA
FBtr0078171 [2891] 99761 TTTCTATTTTT
FBtr0078166 [3979] 1034 AATATAAAATA
FBtr0078166 [1309] 1071 AGATGTCGCTG
FBtr0078166 [1310] 1072 GATGTCGCTGA
FBtr0078166 [3754] 1559 AGCGCCTGAAG
FBtr0078166 [3890] 1637 AAAATCGAACG
FBtr0078166 [304] 3926 AGCATAACCAA
FBtr0078166 [1007] 3940 GAAGGATCTGA
FBtr0078166 [3128] 4213 GGAGAAGCACT
FBtr0078166 [728] 4821 GGAACAGAAGG
FBtr0078166 [4040] 4941 TATTTATGATT
FBtr0078166 [4041] 4942 ATTTATGATTT
FBtr0078166 [127] 5844 TCTGTGTGTTC
FBtr0078166 [2048] 6610 CGTGGTGTAAA
FBtr0078166 [2049] 6611 GTGGTGTAAAT
FBtr0078166 [3717] 6740 AAACGAACGGA
FBtr0078166 [3628] 7078 AGAGGACTTGG
FBtr0078166 [1295] 8426 TTTGAAAATAA
FBtr0078166 [4418] 9091 ATTTTTTAAAT
FBtr0078166 [4419] 9092 TTTTTTAAATT
FBtr0078166 [4394] 9135 TTATAAAAAAA
FBtr0078166 [4395] 9136 TATAAAAAAAT
FBtr0078166 [4396] 9137 ATAAAAAAATT
FBtr0078166 [3929] 9148 TTAAATTAAAT
FBtr0078166 [5100] 9196 TATATAATTGA
FBtr0078166 [3508] 9317 TTTGTGTTCTA
FBtr0078166 [4787] 9816 CAATTAAAAAA
FBtr0078166 [915] 11041 TTTGTGTTTTG
FBtr0078166 [4227] 11822 GTATAAACACA
FBtr0078166 [4228] 11823 TATAAACACAA
FBtr0078166 [4229] 11824 ATAAACACAAA
FBtr0078166 [4767, 4978] 11899 TTTTGCATTCT
FBtr0078166 [4979] 11900 TTTGCATTCTC
FBtr0078166 [3381] 12479 GTGTTCAGCAA
FBtr0078166 [3382] 12480 TGTTCAGCAAG
FBtr0078166 [3990] 13505 TTCATTTTTTA
FBtr0078166 [3991] 13506 TCATTTTTTAT
FBtr0078166 [3992] 13507 CATTTTTTATT
FBtr0078166 [3993] 13508 ATTTTTTATTT
FBtr0078166 [3317] 14473 ATTAAAAATCC
FBtr0078166 [61] 15425 GCTAATAATAT
FBtr0078166 [62] 15426 CTAATAATATT
FBtr0078166 [2869] 15643 GGAAACACTGC
FBtr0078166 [2870] 15644 GAAACACTGCA
FBtr0078166 [2871] 15645 AAACACTGCAG
FBtr0078166 [3606] 15805 CAAATATTAAT
FBtr0078166 [5027] 16563 TATATACAATA
FBtr0078166 [1172] 17088 GTTTTTTCCGG
FBtr0078166 [4036] 17099 TAATTATTTAT
FBtr0078166 [4037] 17100 AATTATTTATG
FBtr0078166 [4636] 17914 TCAAATTAATT
FBtr0078166 [2598] 18042 TTTCTGCGCAG
FBtr0078166 [2599] 18043 TTCTGCGCAGC
FBtr0078166 [2600] 18044 TCTGCGCAGCT
FBtr0078166 [316] 19018 CATGTTAAAGT
FBtr0078166 [1061] 19109 ATAGATAACCC
FBtr0078166 [1062] 19110 TAGATAACCCA
FBtr0078166 [596] 19240 GCAGCGAATCA
FBtr0078166 [1395] 19674 CGCCATATCTT
FBtr0078166 [1396] 19675 GCCATATCTTC
FBtr0078166 [1524] 19724 GCTGGCCTATC
FBtr0078166 [159] 20089 TTTATTCTCAT
FBtr0078166 [5142] 20698 TATTTTATTTA
FBtr0078166 [5143] 20699 ATTTTATTTAA
FBtr0078166 [1913] 20963 TTACCCGAAAA
FBtr0078166 [487] 21133 CGGAGTTGAAT
FBtr0078166 [488] 21134 GGAGTTGAATT
FBtr0078166 [489] 21135 GAGTTGAATTG
FBtr0078166 [2172] 21215 TCAAAAACTTT
FBtr0078166 [460] 21868 AGGGGCTTTAA
FBtr0078166 [3720] 23220 CGAACGGAGAC
FBtr0078166 [27] 23396 TGTGTGTGTTA
FBtr0078166 [4887] 23606 ATTTAATTTTA
FBtr0078166 [3899] 23867 CGGGGACAGCA
FBtr0078166 [286] 24422 AAACCAAACCA
FBtr0078166 [4170] 25396 TGTAAAATATT
FBtr0078166 [3934] 25406 TTAAATTAAAC
FBtr0078166 [4300] 25685 GATAAATAATT
FBtr0078166 [4434] 26349 TTATTTTCGGT
FBtr0078166 [579] 26390 GCATACTTTCG
FBtr0078166 [624] 27063 CAGTTGGAGCA
FBtr0078166 [624] 27072 CAGTTGGAGCA
FBtr0078166 [624] 27081 CAGTTGGAGCA
FBtr0078166 [3634] 27249 CTTGGAATCGA
FBtr0078166 [3635] 27250 TTGGAATCGAA
FBtr0078166 [3388] 27508 GCAAGTTAATG
FBtr0078166 [3059] 27746 CAGCTGAATGC
FBtr0078166 [3060] 27747 AGCTGAATGCC
FBtr0078166 [1121] 28239 AAAAGCATAAA
FBtr0078166 [1122] 28240 AAAGCATAAAT
FBtr0078166 [1123] 28241 AAGCATAAATC
FBtr0078166 [1124] 28242 AGCATAAATCG
FBtr0078166 [17] 31053 ATCGCGACTTT
FBtr0078166 [18] 31054 TCGCGACTTTG
FBtr0078166 [4921] 32831 ATTGTAAAGTA
FBtr0078166 [25] 33499 TTTGTGTGTGT
FBtr0078166 [3929] 33577 TTAAATTAAAT
FBtr0078166 [3930] 33578 TAAATTAAATT
FBtr0078166 [3926, 3931] 33579 AAATTAAATTA
FBtr0078166 [3351] 35562 GGCCTGCAGAG
FBtr0078166 [3916] 36013 GAACGCAAAAA
FBtr0078166 [3917] 36014 AACGCAAAAAA
FBtr0078166 [5131] 36360 AATAAAACATG
FBtr0078166 [2481] 37587 CAGCAACAAAT
FBtr0078166 [2482] 37588 AGCAACAAATG
FBtr0078166 [3356] 37881 GCAGAGGAAAA
FBtr0078166 [331] 37882 CAGAGGAAAAG
FBtr0078166 [1726] 40404 CGCAGCTGCAG
FBtr0078166 [1727] 40405 GCAGCTGCAGA
FBtr0078166 [857] 41194 TCAATCCGCCA
FBtr0078166 [858] 41195 CAATCCGCCAA
FBtr0078166 [343] 42964 GCAGCAGCCCA
FBtr0078166 [1863] 43296 TTATTGTTGGT
FBtr0078166 [4470] 43933 CCCTTACAAAA
FBtr0078166 [1484] 44265 AGAGCTGGAGA
FBtr0078166 [2449] 44288 TAATGTCAACA
FBtr0078166 [3067] 44707 TGCCGCAGCAG
FBtr0078166 [4315] 45582 TTATATAGGAA
FBtr0078166 [4239] 46139 ATACCGATAAA
FBtr0078166 [1485] 46506 GAGCTGGAGAT
FBtr0078166 [1486] 46507 AGCTGGAGATG
FBtr0078166 [2817] 47332 GTGCTCGGATT
FBtr0078166 [2428] 47947 ATTTGCCAAAA
FBtr0078166 [3316] 49338 AATTAAAAATC
FBtr0078166 [1975] 49441 TGTGTGGAAGG
FBtr0078166 [2485] 50155 AACAAATGCCA
FBtr0078166 [1290] 50264 TGACCTTTGAA
FBtr0078166 [3925] 50632 AAAATTAAATT
FBtr0078166 [3929] 51647 TTAAATTAAAT
FBtr0078166 [3181] 51663 CACGTCCAGAG
FBtr0078166 [512] 52058 ACTTTGTTAAA
FBtr0078166 [513] 52059 CTTTGTTAAAC
FBtr0078166 [514] 52060 TTTGTTAAACA
FBtr0078166 [4183] 53501 AACGCAACCTG
FBtr0078166 [3033] 54319 TTTTATCAGTA
FBtr0078166 [3034] 54320 TTTATCAGTAC
FBtr0078166 [4582] 54409 AATTTGTTGTA
FBtr0078166 [1085] 54760 AATGTTAATTA
FBtr0078166 [4392] 54986 GATTATAAAAA
FBtr0078166 [25] 55354 TTTGTGTGTGT
FBtr0078166 [2601] 55989 CTGCGCAGCTT
FBtr0078166 [4424] 56349 TAAATTTCTTT
FBtr0078166 [4425] 56350 AAATTTCTTTT
FBtr0078166 [1078] 57161 GCCGTCGAATG
FBtr0078166 [1079] 57162 CCGTCGAATGT
FBtr0078166 [605] 57694 CAATTAATTCT
FBtr0078166 [3482] 57818 GACCATTTAAA
FBtr0078166 [3483] 57819 ACCATTTAAAT
FBtr0078166 [4785] 58046 TGCAATTAAAA
FBtr0078166 [2624] 58048 CAATTAAAACA
FBtr0078166 [4305] 58291 ATAATTCAAAT
FBtr0078166 [3061] 60426 GCTGAATGCCG
FBtr0078166 [5104] 60555 TAATTGAGTAT
FBtr0078166 [1483] 61019 AAGAGCTGGAG
FBtr0078166 [2930] 61818 GGAGAGGCGGA
FBtr0078166 [1121] 62184 AAAAGCATAAA
FBtr0078166 [2233] 62882 AGGAGAGCAGC
FBtr0078166 [3617] 63672 ATTTCTAATTT
FBtr0078166 [3618] 63673 TTTCTAATTTA
FBtr0078166 [4264] 64057 TTTAATAAATT
FBtr0078166 [4265] 64058 TTAATAAATTG
FBtr0078166 [4266] 64059 TAATAAATTGT
FBtr0078166 [4763] 64368 TAATTTTTGCA
FBtr0078166 [4764] 64369 AATTTTTGCAT
FBtr0078166 [4765] 64370 ATTTTTGCATT
FBtr0078166 [4886] 64433 AATTTAATTTT
FBtr0078166 [2792] 64806 AAATATAAGCT
FBtr0078166 [4667] 65071 AAATTGCAAAC
FBtr0078166 [1086] 65159 ATGTTAATTAT
FBtr0078166 [3727] 65796 AGACAACAAAA
FBtr0078166 [3692, 3867] 65881 ATAATTACAAA
FBtr0078166 [4764] 66925 AATTTTTGCAT
FBtr0078166 [4765] 66926 ATTTTTGCATT
FBtr0078166 [3958] 67119 AAACAGAAATG
FBtr0078166 [3959] 67120 AACAGAAATGA
FBtr0078166 [215] 67157 GAATACATACA
FBtr0078166 [84] 67759 ATAAAACAGAT
FBtr0078166 [3103] 67908 TTCGTCACTTT
FBtr0078166 [4638] 68090 AAATTAATTGT
FBtr0078166 [1833] 68904 AAATAGCATTC
FBtr0078166 [1834] 68905 AATAGCATTCT
FBtr0078166 [1835] 68906 ATAGCATTCTG
FBtr0078166 [2023] 69989 CGGAGAAGCAA
FBtr0078166 [2024] 69990 GGAGAAGCAAT
FBtr0078166 [2025] 69991 GAGAAGCAATT
FBtr0078166 [4807] 70754 TTATGAGTTTT
FBtr0078166 [3131] 71573 GAAGCACTGTA
FBtr0078166 [2295] 71697 TTCGCAAGGGT
FBtr0078166 [4299] 73214 GGATAAATAAT
FBtr0078166 [3567] 73446 CCAACAAAGCC
FBtr0078166 [3568] 73447 CAACAAAGCCA
FBtr0078166 [3569] 73448 AACAAAGCCAG
FBtr0078166 [3570] 73449 ACAAAGCCAGT
FBtr0078166 [3064] 73693 GAATGCCGCAG
FBtr0078166 [3065] 73694 AATGCCGCAGC
FBtr0078166 [3066] 73695 ATGCCGCAGCA
FBtr0078166 [594] 73989 CGGCAGCGAAT
FBtr0078166 [3380] 74791 AGTGTTCAGCA
FBtr0078166 [3486] 75338 ATTTAAATATG
FBtr0078166 [3487] 75339 TTTAAATATGA
FBtr0078166 [2048] 75365 CGTGGTGTAAA
FBtr0078166 [2049] 75366 GTGGTGTAAAT
FBtr0078166 [3067] 75846 TGCCGCAGCAG
FBtr0078166 [3686] 76432 AAATCTATAAT
FBtr0078166 [490] 76795 AGTTGAATTGT
FBtr0078166 [491] 76796 GTTGAATTGTA
FBtr0078166 [4442] 76893 GGTTAAAATAT
FBtr0078166 [4443] 76894 GTTAAAATATT
FBtr0078166 [4444] 76895 TTAAAATATTG
FBtr0078166 [2311] 78048 GACCAGGACCA
FBtr0078166 [4146] 78091 TAAAAGTTGAC
FBtr0078166 [4424] 78699 TAAATTTCTTT
FBtr0078166 [4425] 78700 AAATTTCTTTT
FBtr0078166 [4426] 78701 AATTTCTTTTA
FBtr0078166 [4427] 78702 ATTTCTTTTAT
FBtr0078166 [4428] 78703 TTTCTTTTATT
FBtr0078166 [4429] 78704 TTCTTTTATTT
FBtr0078166 [1393] 79104 AGCGCCATATC
FBtr0078166 [941] 79967 GCATCTGTCCA
FBtr0078166 [4803] 81082 GTTTTTATGAG
FBtr0078166 [4804] 81083 TTTTTATGAGT
FBtr0078166 [2053] 81635 TGTAAATATAT
FBtr0078166 [2557] 82198 GTCGGCAAGTG
FBtr0078166 [2194] 83422 TCATCGCTGCA
FBtr0078166 [2203] 84047 CACTTTAAACC
FBtr0078166 [2204] 84048 ACTTTAAACCC
FBtr0078166 [2205] 84049 CTTTAAACCCA
FBtr0078166 [2206] 84050 TTTAAACCCAA
FBtr0078166 [187] 84311 AGAACAGTGCG
FBtr0078166 [3798] 84682 CTACTAATTAT
FBtr0078166 [3799] 84683 TACTAATTATT
FBtr0078166 [1670] 85204 ATTTATAATTT
FBtr0078166 [4428] 85533 TTTCTTTTATT
FBtr0078166 [4429] 85534 TTCTTTTATTT
FBtr0078166 [4430] 85535 TCTTTTATTTT
FBtr0078166 [4431] 85536 CTTTTATTTTC
FBtr0078166 [2088] 85666 CAGCCAGCATA
FBtr0078166 [2089] 85667 AGCCAGCATAA
FBtr0078166 [492] 85958 TTGAATTGTAC
FBtr0078166 [4861] 87316 CTTCAAGTACT
FBtr0078166 [3665] 90600 AGTACTAGTTC
FBtr0078166 [3666] 90601 GTACTAGTTCT
FBtr0078166 [895] 91686 AGTTGCATACA
FBtr0078166 [896] 91687 GTTGCATACAA
FBtr0078166 [3091] 93768 CATTAATGGAG
FBtr0078166 [3481] 93879 CGACCATTTAA
FBtr0078166 [3482] 93880 GACCATTTAAA
FBtr0078166 [3483] 93881 ACCATTTAAAT
FBtr0078166 [383] 95205 CAGCATGGCTT
FBtr0078166 [384] 95206 AGCATGGCTTT
FBtr0078166 [767] 96031 ACATTTACCAT
FBtr0078166 [2829] 96800 GCCGCATCCAT
FBtr0078166 [4263] 97331 ATTTAATAAAT
FBtr0078166 [4264] 97332 TTTAATAAATT
FBtr0078166 [202] 98071 TTTCTCAACAT
FBtr0078166 [338] 98799 AAAGGGCAGCA
FBtr0078166 [2655] 99761 TTTCTATTTTT
FBtr0078167 [4054] 1034 AATATAAAATA
FBtr0078167 [1384] 1071 AGATGTCGCTG
FBtr0078167 [1385] 1072 GATGTCGCTGA
FBtr0078167 [3829] 1559 AGCGCCTGAAG
FBtr0078167 [3965] 1637 AAAATCGAACG
FBtr0078167 [374] 3926 AGCATAACCAA
FBtr0078167 [1082] 3940 GAAGGATCTGA
FBtr0078167 [3203] 4213 GGAGAAGCACT
FBtr0078167 [803] 4821 GGAACAGAAGG
FBtr0078167 [4115] 4941 TATTTATGATT
FBtr0078167 [4116] 4942 ATTTATGATTT
FBtr0078167 [127] 5844 TCTGTGTGTTC
FBtr0078167 [2123] 6610 CGTGGTGTAAA
FBtr0078167 [2124] 6611 GTGGTGTAAAT
FBtr0078167 [3792] 6740 AAACGAACGGA
FBtr0078167 [3703] 7078 AGAGGACTTGG
FBtr0078167 [1370] 8426 TTTGAAAATAA
FBtr0078167 [4493] 9091 ATTTTTTAAAT
FBtr0078167 [4494] 9092 TTTTTTAAATT
FBtr0078167 [4469] 9135 TTATAAAAAAA
FBtr0078167 [4470] 9136 TATAAAAAAAT
FBtr0078167 [4471] 9137 ATAAAAAAATT
FBtr0078167 [4004] 9148 TTAAATTAAAT
FBtr0078167 [5175] 9196 TATATAATTGA
FBtr0078167 [3583] 9317 TTTGTGTTCTA
FBtr0078167 [4862] 9816 CAATTAAAAAA
FBtr0078167 [990] 11041 TTTGTGTTTTG
FBtr0078167 [4302] 11822 GTATAAACACA
FBtr0078167 [4303] 11823 TATAAACACAA
FBtr0078167 [4304] 11824 ATAAACACAAA
